INFO:userdts_comm_intf:UserDTSCommIntf inited, user_addr=('127.0.0.1', 7001), dts_addr=('127.0.0.1', 7002)
INFO:t:mfa is ready...
DEBUG:t:test
INFO:t:welcome_s:: welcome stpdst=6000, s_info=
{'intereq_time': 0.004119873046875,
 'itjobrule': {'comp': 2.0,
               'datasize': 0.164794921875,
               'itfunc_dict': {'upsample': 2.0},
               'jobtobedone': {'upsample': 0.0823974609375},
               'proc': 1.0,
               'uptoitfunc_dict': {'fft': 2.0, 'upsample': 2.0},
               'uptojobdone': {'fft': 0.164794921875,
                               'upsample': 0.0823974609375}},
 'modelproct': 0.04119873046875,
 'proc': 1.0,
 's_server_thread': <FilePipeServer(Thread-3, started daemon 140534943311616)>,
 'to_addr': (u'10.0.0.1', 6000)}
DEBUG:filepipeserver:run:: serversock_stpdst=6000 is opened; waiting for client.
INFO:t:welcome_s:: welcome stpdst=6001, s_info=
{'intereq_time': 0.0020599365096874238,
 'itjobrule': {'comp': 1.99999998665,
               'datasize': 7.8125,
               'itfunc_dict': {u'f1': 1.0, u'f2': 0.99999998665000001},
               'jobtobedone': {u'f1': 7.8125, u'f2': 3.9062499478515624},
               'proc': 2,
               'uptoitfunc_dict': {},
               'uptojobdone': {}},
 'modelproct': 0.9765624934814453,
 'proc': 2.0,
 's_server_thread': <FilePipeServer(Thread-5, started daemon 140534922331904)>,
 'to_addr': (u'10.0.0.1', 6001)}
DEBUG:filepipeserver:run:: serversock_stpdst=6001 is opened; waiting for client.
DEBUG:itservhandler_6000:itservhandler:: jobremaining=
{'upsample': 86400.0}
DEBUG:sessionclienthandler_6000:run:: sclient_addr=('127.0.0.1', 48318)
DEBUG:filepipeserver:run:: server_addr=('127.0.0.1', 6000) started.
INFO:sessionclienthandler_6000:init_rx:: stpdst=6000; rxed datasize=17280B
DEBUG:sessionclienthandler_6000:push_to_pipe:: datasize=17280 pushed to pipe, pipe_size_B_=17280, overflow_size=-155520
INFO:sessionclienthandler_6000:init_rx:: stpdst=6000; rxed datasize=17280B
DEBUG:sessionclienthandler_6000:push_to_pipe:: datasize=17280 pushed to pipe, pipe_size_B_=34560, overflow_size=-138240
INFO:sessionclienthandler_6000:init_rx:: stpdst=6000; rxed datasize=17280B
DEBUG:sessionclienthandler_6000:push_to_pipe:: datasize=17280 pushed to pipe, pipe_size_B_=51840, overflow_size=-120960
INFO:sessionclienthandler_6000:init_rx:: stpdst=6000; rxed datasize=17280B
DEBUG:sessionclienthandler_6000:push_to_pipe:: datasize=17280 pushed to pipe, pipe_size_B_=69120, overflow_size=-103680
INFO:sessionclienthandler_6000:init_rx:: stpdst=6000; rxed datasize=17280B
DEBUG:sessionclienthandler_6000:push_to_pipe:: datasize=17280 pushed to pipe, pipe_size_B_=86400, overflow_size=-86400
INFO:sessionclienthandler_6000:init_rx:: stpdst=6000; rxed datasize=17280B
DEBUG:sessionclienthandler_6000:push_to_pipe:: datasize=17280 pushed to pipe, pipe_size_B_=103680, overflow_size=-69120
INFO:sessionclienthandler_6000:init_rx:: stpdst=6000; rxed datasize=17280B
DEBUG:sessionclienthandler_6000:push_to_pipe:: datasize=17280 pushed to pipe, pipe_size_B_=120960, overflow_size=-51840
INFO:sessionclienthandler_6000:init_rx:: stpdst=6000; rxed datasize=17280B
DEBUG:sessionclienthandler_6000:push_to_pipe:: datasize=17280 pushed to pipe, pipe_size_B_=138240, overflow_size=-34560
INFO:sessionclienthandler_6000:init_rx:: stpdst=6000; rxed datasize=17280B
DEBUG:sessionclienthandler_6000:push_to_pipe:: datasize=17280 pushed to pipe, pipe_size_B_=155520, overflow_size=-17280
INFO:sessionclienthandler_6000:init_rx:: stpdst=6000; rxed datasize=17280B
DEBUG:sessionclienthandler_6000:push_to_pipe:: datasize=17280 pushed to pipe, pipe_size_B_=172800, overflow_size=0
INFO:sessionclienthandler_6000:init_rx:: stpdst=6000; rxed datasize=3B
DEBUG:sessionclienthandler_6000:flush_pipe_mm:: pipe_file_id=0 is ready; btw flushed pipe_size_B_=172800
INFO:sessionclienthandler_6000:init_rx:: EOF is rxed...
DEBUG:itservhandler_6000:pop_from_pipe:: cur_fileurl=pipe/pipe_tpdst=6000_0.dat
DEBUG:itservhandler_6000:pop_from_pipe:: pipe_mm.size()=172800, served_size=0
DEBUG:sessionclienthandler_6000:run:: stopped by EOF.
DEBUG:itservhandler_6000:run:: datasize=17280 popped.
DEBUG:sessionclienthandler_6000:run:: done. 
	pipe_size=11, pipe_size_B=172800
	in dur=0.00381588935852secs, at t=1398012054.82;
DEBUG:itservhandler_6000:run:: acted on datasize=17280B, datasize_=0B, self.served_size_B=0, self.served_size_B_=17280
DEBUG:itservhandler_6000:run:: datasize=17280 popped.
DEBUG:itservhandler_6000:run:: acted on datasize=17280B, datasize_=0B, self.served_size_B=0, self.served_size_B_=34560
DEBUG:itservhandler_6000:run:: datasize=17280 popped.
DEBUG:itservhandler_6000:run:: acted on datasize=17280B, datasize_=0B, self.served_size_B=0, self.served_size_B_=51840
DEBUG:itservhandler_6000:run:: datasize=17280 popped.
DEBUG:itservhandler_6000:run:: acted on datasize=17280B, datasize_=0B, self.served_size_B=0, self.served_size_B_=69120
DEBUG:itservhandler_6000:run:: datasize=17280 popped.
DEBUG:itservhandler_6000:run:: acted on datasize=17280B, datasize_=0B, self.served_size_B=0, self.served_size_B_=86400
DEBUG:itservhandler_6000:run:: datasize=17280 popped.
DEBUG:itservhandler_6000:proc:: made data_fifoname=fifo/upsample_6000_data_fifo0
DEBUG:itservhandler_6000:proc:: wrote to datafifo datasize=17280
DEBUG:itservhandler_6000:proc:: read from data_fifo datasize=1105920
DEBUG:itservhandler_6000:proc:: upsample run on datasize=17280, datasize_=1105920
DEBUG:itservhandler_6000:run:: acted on datasize=17280B, datasize_=1105920B, self.served_size_B=0, self.served_size_B_=103680
DEBUG:itservhandler_6000:run:: datasize=17280 popped.
DEBUG:itservhandler_6000:proc:: made data_fifoname=fifo/upsample_6000_data_fifo1
DEBUG:itservhandler_6000:proc:: wrote to datafifo datasize=17280
DEBUG:itservhandler_6000:proc:: read from data_fifo datasize=1105920
DEBUG:itservhandler_6000:proc:: upsample run on datasize=17280, datasize_=1105920
DEBUG:itservhandler_6000:run:: acted on datasize=17280B, datasize_=1105920B, self.served_size_B=0, self.served_size_B_=120960
DEBUG:itservhandler_6000:run:: datasize=17280 popped.
DEBUG:itservhandler_6000:proc:: made data_fifoname=fifo/upsample_6000_data_fifo2
DEBUG:itservhandler_6000:proc:: wrote to datafifo datasize=17280
DEBUG:itservhandler_6000:proc:: read from data_fifo datasize=1105920
DEBUG:itservhandler_6000:proc:: upsample run on datasize=17280, datasize_=1105920
DEBUG:itservhandler_6000:run:: acted on datasize=17280B, datasize_=1105920B, self.served_size_B=0, self.served_size_B_=138240
DEBUG:itservhandler_6000:run:: datasize=17280 popped.
DEBUG:itservhandler_6000:proc:: made data_fifoname=fifo/upsample_6000_data_fifo3
DEBUG:itservhandler_6000:proc:: wrote to datafifo datasize=17280
DEBUG:itservhandler_6000:proc:: read from data_fifo datasize=1105920
DEBUG:itservhandler_6000:proc:: upsample run on datasize=17280, datasize_=1105920
DEBUG:itservhandler_6000:run:: acted on datasize=17280B, datasize_=1105920B, self.served_size_B=0, self.served_size_B_=155520
DEBUG:itservhandler_6000:run:: datasize=17280 popped.
DEBUG:itservhandler_6000:proc:: made data_fifoname=fifo/upsample_6000_data_fifo4
DEBUG:itservhandler_6000:proc:: wrote to datafifo datasize=17280
DEBUG:itservhandler_6000:proc:: read from data_fifo datasize=1105920
DEBUG:itservhandler_6000:proc:: upsample run on datasize=17280, datasize_=1105920
DEBUG:itservhandler_6000:run:: acted on datasize=17280B, datasize_=1105920B, self.served_size_B=0, self.served_size_B_=172800
DEBUG:itservhandler_6000:delete_pipe_file:: cur_fileurl=pipe/pipe_tpdst=6000_0.dat is deleted from pipe
DEBUG:itservhandler_6000:pop_from_pipe:: cur_fileurl=EOF
DEBUG:itservhandler_6000:run:: fileurl=EOF
INFO:itservhandler_6000:run:: done, dur=0.352194070816secs, at time=1398012055.17
DEBUG:itservhandler_6000:run:: totalproc_time=0, jobremaining=
{'upsample': 0.0}
INFO:sessionclienthandler_6000:flush_pipe_mm:: session_tp_dst=6000 soft-expired.
INFO:userdts_comm_intf:close:: closed.
INFO:filepipeserver:shutdown.
DEBUG:t:shutdown:: shutdown.
INFO:userdts_comm_intf:init_rx:: rxed stop_rxing
DEBUG:filepipeserver:run:: done.
DEBUG:t:manage_stokenq_6001:: stoppped by STOP flag!
DEBUG:t:manage_stokenq_6000:: stoppped by STOP flag!
